<?xml version="1.0" encoding="UTF-8" standalone="no"?>
<!DOCTYPE log SYSTEM "logger.dtd">
<log>
<record>
  <date>2021-09-20T08:21:41.199619700Z</date>
  <millis>1632126101199</millis>
  <nanos>619700</nanos>
  <sequence>0</sequence>
  <logger>com.sun.tools.javac.Main</logger>
  <level>INFO</level>
  <class>util.WriteLogEntriesToLogFile</class>
  <method>writingLogsToFile</method>
  <thread>1</thread>
  <message>Information message</message>
</record>
<record>
  <date>2021-09-20T08:21:41.255587100Z</date>
  <millis>1632126101255</millis>
  <nanos>587100</nanos>
  <sequence>1</sequence>
  <logger>com.sun.tools.javac.Main</logger>
  <level>WARNING</level>
  <class>util.WriteLogEntriesToLogFile</class>
  <method>writingLogsToFile</method>
  <thread>1</thread>
  <message>Warning message</message>
</record>
</log>
